
Initial group of soldiers:
Number of people? 41
Index for elimination? 3
Index for printing? 7
--------------------------
A1 A2 A3 A4 A5 A6 A7 A8 A9 B1 B2 B3 
B4 B5 B6 B7 B8 B9 C1 C2 C3 C4 C5 C6 
C7 C8 C9 D1 D2 D3 D4 D5 D6 D7 D8 D9 
E1 E2 E3 E4 E5 

Group of soldiers after 7 runs:
--------------------------------
A1 A2 A4 A5 A7 A8 B1 B2 B4 B5 B7 B8 
C1 C2 C4 C5 C7 C8 C9 D1 D2 D3 D4 D5 
D6 D7 D8 D9 E1 E2 E3 E4 E5 

Group of soldiers after 14 runs:
--------------------------------
A2 A4 A7 A8 B1 B2 B4 B5 B7 B8 C1 C2 
C4 C5 C7 C8 D1 D2 D4 D5 D7 D8 E1 E2 
E4 E5 

Group of soldiers after 21 runs:
--------------------------------
A2 A4 A7 A8 B2 B4 B7 B8 C2 C4 C7 C8 
D2 D4 D7 D8 E2 E4 E5 

Group of soldiers after 28 runs:
--------------------------------
A2 A4 A8 B2 B7 B8 C4 C7 D2 D4 D8 E2 


Group of soldiers after 35 runs:
--------------------------------
A4 B7 C4 D4 D8 

Group of soldiers after 40 runs:
--------------------------------
D4 

