Values of bin search tree before removals
-----------------------------------------

size of tree   = 50
height of tree = 13

   1   36  104  159  183  184  198  219  220  241  287  294  304  356  369  378  380  387  394  395 
 418  464  491  516  521  525  582  583  623  641  648  653  667  692  702  703  724  729  743  765 
 796  802  887  897  901  909  969  971  979  992 

Values in 2nd vector in sorted order
------------------------------------

  12   22   34   49   55   67   75   84  116  117  130  144  147  166  172  184  187  190  192  207 
 208  224  259  261  273  279  284  287  319  327  341  358  360  368  380  397  411  444  463  473 
 478  485  495  505  521  531  537  556  566  585  586  595  597  601  607  615  616  617  625  657 
 660  667  669  676  685  701  730  743  752  754  756  762  781  799  807  824  825  833  846  857 
 858  867  874  876  900  901  917  922  924  927  947  949  951  956  979  982  996 

Values of bin search tree after removals
----------------------------------------

size of tree   = 42
height of tree = 12

   1   36  104  159  183  198  219  220  241  294  304  356  369  378  387  394  395  418  464  491 
 516  525  582  583  623  641  648  653  692  702  703  724  729  765  796  802  887  897  909  969 
 971  992 

